INFO:root:2017-04-08 10:36:47启动HotWordSpider
INFO:root:重复启动爬虫的时间间隔为：7200
INFO:root:2017-04-08 10:36:53抓取完毕
INFO:root:将等待1.0小时,即在2017-04-08 11:36:53再次启动。
INFO:root:----------------------------------------------------------------------------------------------------------------
INFO:root:----------------------------------------------------------------------------------------------------------------
INFO:root:----------------------------------------------------------------------------------------------------------------
INFO:root:2017-04-14 15:32:01启动HotWordSpider
INFO:root:重复启动爬虫的时间间隔为：2.0
INFO:root:2017-04-14 15:33:05启动HotWordSpider
INFO:root:重复启动爬虫的时间间隔为：2.0
INFO:root:2017-04-14 15:33:34启动HotWordSpider
INFO:root:重复启动爬虫的时间间隔为：2.0
INFO:root:2017-04-14 15:47:58启动HotWordSpider
INFO:root:重复启动爬虫的时间间隔为：2.0
INFO:root:2017-04-14 15:49:48抓取完毕
INFO:root:将等待3.0小时,即在2017-04-14 18:49:48再次启动。
INFO:root:----------------------------------------------------------------------------------------------------------------
INFO:root:----------------------------------------------------------------------------------------------------------------
INFO:root:----------------------------------------------------------------------------------------------------------------
INFO:root:2017-04-14 18:49:48启动HotWordSpider
INFO:root:重复启动爬虫的时间间隔为：3.0
INFO:root:2017-04-14 18:51:44抓取完毕
INFO:root:将等待4.0小时,即在2017-04-14 22:51:44再次启动。
INFO:root:----------------------------------------------------------------------------------------------------------------
INFO:root:----------------------------------------------------------------------------------------------------------------
INFO:root:----------------------------------------------------------------------------------------------------------------
INFO:root:2017-04-14 22:51:45启动HotWordSpider
INFO:root:重复启动爬虫的时间间隔为：4.0
INFO:root:2017-04-14 22:53:37抓取完毕
INFO:root:将等待5.0小时,即在2017-04-15 03:53:37再次启动。
INFO:root:----------------------------------------------------------------------------------------------------------------
INFO:root:----------------------------------------------------------------------------------------------------------------
INFO:root:----------------------------------------------------------------------------------------------------------------
INFO:root:2017-04-15 03:53:37启动HotWordSpider
INFO:root:重复启动爬虫的时间间隔为：5.0
INFO:root:2017-04-15 03:55:32抓取完毕
INFO:root:将等待6.0小时,即在2017-04-15 09:55:32再次启动。
INFO:root:----------------------------------------------------------------------------------------------------------------
INFO:root:----------------------------------------------------------------------------------------------------------------
INFO:root:----------------------------------------------------------------------------------------------------------------
INFO:root:2017-04-15 09:55:33启动HotWordSpider
INFO:root:重复启动爬虫的时间间隔为：6.0
INFO:root:2017-04-15 09:57:30抓取完毕
INFO:root:将等待7.0小时,即在2017-04-15 16:57:30再次启动。
INFO:root:----------------------------------------------------------------------------------------------------------------
INFO:root:----------------------------------------------------------------------------------------------------------------
INFO:root:----------------------------------------------------------------------------------------------------------------
INFO:root:2017-04-15 16:57:30启动HotWordSpider
INFO:root:重复启动爬虫的时间间隔为：7.0
INFO:root:2017-04-15 16:59:25抓取完毕
INFO:root:将等待8.0小时,即在2017-04-16 00:59:25再次启动。
INFO:root:----------------------------------------------------------------------------------------------------------------
INFO:root:----------------------------------------------------------------------------------------------------------------
INFO:root:----------------------------------------------------------------------------------------------------------------
INFO:root:2017-04-16 00:59:25启动HotWordSpider
INFO:root:重复启动爬虫的时间间隔为：8.0
INFO:root:2017-04-16 01:01:17抓取完毕
INFO:root:将等待9.0小时,即在2017-04-16 10:01:17再次启动。
INFO:root:----------------------------------------------------------------------------------------------------------------
INFO:root:----------------------------------------------------------------------------------------------------------------
INFO:root:----------------------------------------------------------------------------------------------------------------
INFO:root:2017-04-16 10:01:17启动HotWordSpider
INFO:root:重复启动爬虫的时间间隔为：9.0
INFO:root:2017-04-16 10:03:12抓取完毕
INFO:root:将等待10.0小时,即在2017-04-16 20:03:12再次启动。
INFO:root:----------------------------------------------------------------------------------------------------------------
INFO:root:----------------------------------------------------------------------------------------------------------------
INFO:root:----------------------------------------------------------------------------------------------------------------
INFO:root:2017-04-16 20:03:12启动HotWordSpider
INFO:root:重复启动爬虫的时间间隔为：10.0
INFO:root:2017-04-16 20:05:08抓取完毕
INFO:root:将等待11.0小时,即在2017-04-17 07:05:08再次启动。
INFO:root:----------------------------------------------------------------------------------------------------------------
INFO:root:----------------------------------------------------------------------------------------------------------------
INFO:root:----------------------------------------------------------------------------------------------------------------
INFO:root:2017-04-17 07:05:09启动HotWordSpider
INFO:root:重复启动爬虫的时间间隔为：11.0
INFO:root:2017-04-17 07:07:03抓取完毕
INFO:root:将等待12.0小时,即在2017-04-17 19:07:03再次启动。
INFO:root:----------------------------------------------------------------------------------------------------------------
INFO:root:----------------------------------------------------------------------------------------------------------------
INFO:root:----------------------------------------------------------------------------------------------------------------
INFO:root:2017-04-27 11:03:19启动HotWordSpider
INFO:root:重复启动爬虫的时间间隔为：2.0
INFO:root:2017-04-27 11:05:10抓取完毕
INFO:root:将等待2.5小时,即在2017-04-27 13:35:10再次启动。
INFO:root:----------------------------------------------------------------------------------------------------------------
INFO:root:----------------------------------------------------------------------------------------------------------------
INFO:root:----------------------------------------------------------------------------------------------------------------
INFO:root:2017-04-27 13:35:10启动HotWordSpider
INFO:root:重复启动爬虫的时间间隔为：2.5
INFO:root:2017-04-27 13:37:05抓取完毕
INFO:root:将等待3.0小时,即在2017-04-27 16:37:05再次启动。
INFO:root:----------------------------------------------------------------------------------------------------------------
INFO:root:----------------------------------------------------------------------------------------------------------------
INFO:root:----------------------------------------------------------------------------------------------------------------
INFO:root:2017-04-27 15:14:27启动HotWordSpider
INFO:root:重复启动爬虫的时间间隔为：2.0
INFO:root:2017-04-27 15:17:28抓取完毕
INFO:root:将等待2.5小时,即在2017-04-27 17:47:28再次启动。
INFO:root:----------------------------------------------------------------------------------------------------------------
INFO:root:----------------------------------------------------------------------------------------------------------------
INFO:root:----------------------------------------------------------------------------------------------------------------
INFO:root:2017-04-27 16:24:46启动HotWordSpider
INFO:root:重复启动爬虫的时间间隔为：2.0
INFO:root:2017-04-27 16:26:40抓取完毕
INFO:root:将等待1.5小时,即在2017-04-27 17:56:40再次启动。
INFO:root:----------------------------------------------------------------------------------------------------------------
INFO:root:----------------------------------------------------------------------------------------------------------------
INFO:root:----------------------------------------------------------------------------------------------------------------
INFO:root:2017-04-27 17:12:21启动HotWordSpider
INFO:root:重复启动爬虫的时间间隔为：2.0
INFO:root:2017-04-27 17:12:44启动HotWordSpider
INFO:root:重复启动爬虫的时间间隔为：2.0
INFO:root:2017-04-27 17:22:46启动HotWordSpider
INFO:root:重复启动爬虫的时间间隔为：2.0
INFO:root:2017-04-27 17:27:43启动HotWordSpider
INFO:root:重复启动爬虫的时间间隔为：2.0
INFO:root:2017-04-27 17:28:37启动HotWordSpider
INFO:root:重复启动爬虫的时间间隔为：2.0
INFO:root:2017-04-28 10:03:27启动HotWordSpider
INFO:root:重复启动爬虫的时间间隔为：2.0
INFO:root:2017-04-28 10:03:32抓取完毕
INFO:root:将等待1.5小时,即在2017-04-28 11:33:32再次启动。
INFO:root:----------------------------------------------------------------------------------------------------------------
INFO:root:----------------------------------------------------------------------------------------------------------------
INFO:root:----------------------------------------------------------------------------------------------------------------
INFO:root:2017-05-11 16:39:02启动HotWordSpider
INFO:root:重复启动爬虫的时间间隔为：2.0
INFO:root:2017-05-11 16:41:18抓取完毕
INFO:root:将等待1.5小时,即在2017-05-11 18:11:18再次启动。
INFO:root:----------------------------------------------------------------------------------------------------------------
INFO:root:----------------------------------------------------------------------------------------------------------------
INFO:root:----------------------------------------------------------------------------------------------------------------
INFO:root:2017-05-16 10:31:02启动HotWordSpider
INFO:root:重复启动爬虫的时间间隔为：2.0
INFO:root:2017-05-16 10:31:22抓取完毕
INFO:root:将等待1.5小时,即在2017-05-16 12:01:22再次启动。
INFO:root:----------------------------------------------------------------------------------------------------------------
INFO:root:----------------------------------------------------------------------------------------------------------------
INFO:root:----------------------------------------------------------------------------------------------------------------
INFO:root:2017-05-16 10:32:06启动HotWordSpider
INFO:root:重复启动爬虫的时间间隔为：2.0
INFO:root:2017-05-16 10:34:01抓取完毕
INFO:root:将等待1.5小时,即在2017-05-16 12:04:01再次启动。
INFO:root:----------------------------------------------------------------------------------------------------------------
INFO:root:----------------------------------------------------------------------------------------------------------------
INFO:root:----------------------------------------------------------------------------------------------------------------
INFO:root:2017-05-26 14:04:34启动HotWordSpider
INFO:root:重复启动爬虫的时间间隔为：2.0
INFO:root:2017-05-26 14:06:42抓取完毕
INFO:root:将等待1.5小时,即在2017-05-26 15:36:42再次启动。
INFO:root:----------------------------------------------------------------------------------------------------------------
INFO:root:----------------------------------------------------------------------------------------------------------------
INFO:root:----------------------------------------------------------------------------------------------------------------
INFO:root:2017-05-26 14:40:44启动HotWordSpider
INFO:root:重复启动爬虫的时间间隔为：2.0
INFO:root:2017-05-26 14:42:39抓取完毕
INFO:root:将等待1.5小时,即在2017-05-26 16:12:39再次启动。
INFO:root:----------------------------------------------------------------------------------------------------------------
INFO:root:----------------------------------------------------------------------------------------------------------------
INFO:root:----------------------------------------------------------------------------------------------------------------
INFO:root:2017-05-26 14:51:09启动HotWordSpider
INFO:root:重复启动爬虫的时间间隔为：2.0
INFO:root:2017-05-26 14:53:03抓取完毕
INFO:root:将等待1.5小时,即在2017-05-26 16:23:03再次启动。
INFO:root:----------------------------------------------------------------------------------------------------------------
INFO:root:----------------------------------------------------------------------------------------------------------------
INFO:root:----------------------------------------------------------------------------------------------------------------
INFO:root:2017-06-08 15:48:16启动HotWordSpider
INFO:root:重复启动爬虫的时间间隔为：2.0
INFO:root:2017-06-08 15:50:19抓取完毕
INFO:root:将等待1.5小时,即在2017-06-08 17:20:19再次启动。
INFO:root:----------------------------------------------------------------------------------------------------------------
INFO:root:----------------------------------------------------------------------------------------------------------------
INFO:root:----------------------------------------------------------------------------------------------------------------
INFO:root:2017-06-09 10:59:07启动HotWordSpider
INFO:root:重复启动爬虫的时间间隔为：2.0
INFO:root:2017-06-09 10:59:18抓取完毕
INFO:root:将等待1.5小时,即在2017-06-09 12:29:18再次启动。
INFO:root:----------------------------------------------------------------------------------------------------------------
INFO:root:----------------------------------------------------------------------------------------------------------------
INFO:root:----------------------------------------------------------------------------------------------------------------
INFO:root:2017-06-09 10:59:57启动HotWordSpider
INFO:root:重复启动爬虫的时间间隔为：2.0
INFO:root:2017-06-09 11:00:03抓取完毕
INFO:root:将等待1.5小时,即在2017-06-09 12:30:03再次启动。
INFO:root:----------------------------------------------------------------------------------------------------------------
INFO:root:----------------------------------------------------------------------------------------------------------------
INFO:root:----------------------------------------------------------------------------------------------------------------
INFO:root:2017-06-09 11:01:17启动HotWordSpider
INFO:root:重复启动爬虫的时间间隔为：2.0
INFO:root:2017-06-09 11:03:16抓取完毕
INFO:root:将等待1.5小时,即在2017-06-09 12:33:16再次启动。
INFO:root:----------------------------------------------------------------------------------------------------------------
INFO:root:----------------------------------------------------------------------------------------------------------------
INFO:root:----------------------------------------------------------------------------------------------------------------
INFO:root:2017-06-09 12:33:16启动HotWordSpider
INFO:root:重复启动爬虫的时间间隔为：1.5
INFO:root:2017-06-09 12:35:16抓取完毕
INFO:root:将等待2.0小时,即在2017-06-09 14:35:16再次启动。
INFO:root:----------------------------------------------------------------------------------------------------------------
INFO:root:----------------------------------------------------------------------------------------------------------------
INFO:root:----------------------------------------------------------------------------------------------------------------
INFO:root:2017-06-09 14:18:28启动HotWordSpider
INFO:root:重复启动爬虫的时间间隔为：2.0
INFO:root:2017-06-28 17:36:59启动HotWordSpider
INFO:root:重复启动爬虫的时间间隔为：2.0
INFO:root:2017-06-30 10:56:06启动HotWordSpider
INFO:root:重复启动爬虫的时间间隔为：2.0
INFO:root:2017-06-30 10:59:59抓取完毕
INFO:root:将等待1.5小时,即在2017-06-30 12:29:59再次启动。
INFO:root:----------------------------------------------------------------------------------------------------------------
INFO:root:----------------------------------------------------------------------------------------------------------------
INFO:root:----------------------------------------------------------------------------------------------------------------
INFO:root:2017-06-30 12:29:59启动HotWordSpider
INFO:root:重复启动爬虫的时间间隔为：1.5
INFO:root:2017-06-30 12:33:47抓取完毕
INFO:root:将等待2.0小时,即在2017-06-30 14:33:47再次启动。
INFO:root:----------------------------------------------------------------------------------------------------------------
INFO:root:----------------------------------------------------------------------------------------------------------------
INFO:root:----------------------------------------------------------------------------------------------------------------
